2026-03-20T08:30:50.581+07:00  INFO 796 --- [demo] [main] com.be_employment_contract.Application   : Starting Application using Java 21.0.2 with PID 796 (C:\Users\Hi\OneDrive\Documents\NetBeansProjects\be_employment_contract\target\classes started by Hi in C:\Users\Hi\OneDrive\Documents\NetBeansProjects\be_employment_contract)
2026-03-20T08:30:50.587+07:00 DEBUG 796 --- [demo] [main] com.be_employment_contract.Application   : Running with Spring Boot v4.0.3, Spring v7.0.5
2026-03-20T08:30:50.588+07:00  INFO 796 --- [demo] [main] com.be_employment_contract.Application   : No active profile set, falling back to 1 default profile: "default"
2026-03-20T08:30:51.495+07:00  INFO 796 --- [demo] [main] .s.d.r.c.RepositoryConfigurationDelegate : Multiple Spring Data modules found, entering strict repository configuration mode
2026-03-20T08:30:51.498+07:00  INFO 796 --- [demo] [main] .s.d.r.c.RepositoryConfigurationDelegate : Bootstrapping Spring Data JPA repositories in DEFAULT mode.
2026-03-20T08:30:51.707+07:00  INFO 796 --- [demo] [main] .s.d.r.c.RepositoryConfigurationDelegate : Finished Spring Data repository scanning in 198 ms. Found 5 JPA repository interfaces.
2026-03-20T08:30:51.772+07:00  INFO 796 --- [demo] [main] .s.d.r.c.RepositoryConfigurationDelegate : Multiple Spring Data modules found, entering strict repository configuration mode
2026-03-20T08:30:51.773+07:00  INFO 796 --- [demo] [main] .s.d.r.c.RepositoryConfigurationDelegate : Bootstrapping Spring Data Redis repositories in DEFAULT mode.
2026-03-20T08:30:51.793+07:00  INFO 796 --- [demo] [main] .RepositoryConfigurationExtensionSupport : Spring Data Redis - Could not safely identify store assignment for repository candidate interface com.be_employment_contract.repository.AccountRepository; If you want this repository to be a Redis repository, consider annotating your entities with one of these annotations: org.springframework.data.redis.core.RedisHash (preferred), or consider extending one of the following types with your repository: org.springframework.data.keyvalue.repository.KeyValueRepository
2026-03-20T08:30:51.794+07:00  INFO 796 --- [demo] [main] .RepositoryConfigurationExtensionSupport : Spring Data Redis - Could not safely identify store assignment for repository candidate interface com.be_employment_contract.repository.BranchRepository; If you want this repository to be a Redis repository, consider annotating your entities with one of these annotations: org.springframework.data.redis.core.RedisHash (preferred), or consider extending one of the following types with your repository: org.springframework.data.keyvalue.repository.KeyValueRepository
2026-03-20T08:30:51.794+07:00  INFO 796 --- [demo] [main] .RepositoryConfigurationExtensionSupport : Spring Data Redis - Could not safely identify store assignment for repository candidate interface com.be_employment_contract.repository.ContractRepository; If you want this repository to be a Redis repository, consider annotating your entities with one of these annotations: org.springframework.data.redis.core.RedisHash (preferred), or consider extending one of the following types with your repository: org.springframework.data.keyvalue.repository.KeyValueRepository
2026-03-20T08:30:51.794+07:00  INFO 796 --- [demo] [main] .RepositoryConfigurationExtensionSupport : Spring Data Redis - Could not safely identify store assignment for repository candidate interface com.be_employment_contract.repository.StaffFileRepository; If you want this repository to be a Redis repository, consider annotating your entities with one of these annotations: org.springframework.data.redis.core.RedisHash (preferred), or consider extending one of the following types with your repository: org.springframework.data.keyvalue.repository.KeyValueRepository
2026-03-20T08:30:51.795+07:00  INFO 796 --- [demo] [main] .RepositoryConfigurationExtensionSupport : Spring Data Redis - Could not safely identify store assignment for repository candidate interface com.be_employment_contract.repository.StaffRepository; If you want this repository to be a Redis repository, consider annotating your entities with one of these annotations: org.springframework.data.redis.core.RedisHash (preferred), or consider extending one of the following types with your repository: org.springframework.data.keyvalue.repository.KeyValueRepository
2026-03-20T08:30:51.795+07:00  INFO 796 --- [demo] [main] .s.d.r.c.RepositoryConfigurationDelegate : Finished Spring Data repository scanning in 8 ms. Found 0 Redis repository interfaces.
2026-03-20T08:30:52.414+07:00  INFO 796 --- [demo] [main] o.s.boot.tomcat.TomcatWebServer          : Tomcat initialized with port 8080 (http)
2026-03-20T08:30:52.428+07:00  INFO 796 --- [demo] [main] o.apache.catalina.core.StandardService   : Starting service [Tomcat]
2026-03-20T08:30:52.428+07:00  INFO 796 --- [demo] [main] o.apache.catalina.core.StandardEngine    : Starting Servlet engine: [Apache Tomcat/11.0.18]
2026-03-20T08:30:52.495+07:00  INFO 796 --- [demo] [main] b.w.c.s.WebApplicationContextInitializer : Root WebApplicationContext: initialization completed in 1855 ms
2026-03-20T08:30:52.699+07:00  INFO 796 --- [demo] [main] org.hibernate.orm.jpa                    : HHH008540: Processing PersistenceUnitInfo [name: default]
2026-03-20T08:30:52.783+07:00  INFO 796 --- [demo] [main] org.hibernate.orm.core                   : HHH000001: Hibernate ORM core version 7.2.4.Final
2026-03-20T08:30:53.459+07:00  INFO 796 --- [demo] [main] o.s.o.j.p.SpringPersistenceUnitInfo      : No LoadTimeWeaver setup: ignoring JPA class transformer
2026-03-20T08:30:53.513+07:00  INFO 796 --- [demo] [main] com.zaxxer.hikari.HikariDataSource       : HikariPool-1 - Starting...
2026-03-20T08:30:53.654+07:00  INFO 796 --- [demo] [main] com.zaxxer.hikari.pool.HikariPool        : HikariPool-1 - Added connection org.mariadb.jdbc.Connection@2e4b5da1
2026-03-20T08:30:53.657+07:00  INFO 796 --- [demo] [main] com.zaxxer.hikari.HikariDataSource       : HikariPool-1 - Start completed.
2026-03-20T08:30:53.695+07:00  WARN 796 --- [demo] [main] org.hibernate.orm.deprecation            : HHH90000025: MariaDBDialect does not need to be specified explicitly using 'hibernate.dialect' (remove the property setting and it will be selected by default)
2026-03-20T08:30:53.717+07:00  INFO 796 --- [demo] [main] org.hibernate.orm.connections.pooling    : HHH10001005: Database info:
	Database JDBC URL [jdbc:mariadb://localhost/employment_contract?user=root&password=***]
	Database driver: MariaDB Connector/J
	Database dialect: MariaDBDialect
	Database version: 11.6.2
	Default catalog/schema: employment_contract/undefined
	Autocommit mode: undefined/unknown
	Isolation level: REPEATABLE_READ [default REPEATABLE_READ]
	JDBC fetch size: none
	Pool: DataSourceConnectionProvider
	Minimum pool size: undefined/unknown
	Maximum pool size: undefined/unknown
2026-03-20T08:30:54.865+07:00  INFO 796 --- [demo] [main] org.hibernate.orm.core                   : HHH000489: No JTA platform available (set 'hibernate.transaction.jta.platform' to enable JTA platform integration)
2026-03-20T08:30:54.873+07:00  INFO 796 --- [demo] [main] j.LocalContainerEntityManagerFactoryBean : Initialized JPA EntityManagerFactory for persistence unit 'default'
2026-03-20T08:30:54.960+07:00  INFO 796 --- [demo] [main] o.s.d.j.r.query.QueryEnhancerFactories   : Hibernate is in classpath; If applicable, HQL parser will be used.
2026-03-20T08:30:55.744+07:00  WARN 796 --- [demo] [main] JpaBaseConfiguration$JpaWebConfiguration : spring.jpa.open-in-view is enabled by default. Therefore, database queries may be performed during view rendering. Explicitly configure spring.jpa.open-in-view to disable this warning
2026-03-20T08:30:56.183+07:00  INFO 796 --- [demo] [main] o.s.boot.tomcat.TomcatWebServer          : Tomcat started on port 8080 (http) with context path '/'
2026-03-20T08:30:56.190+07:00  INFO 796 --- [demo] [main] com.be_employment_contract.Application   : Started Application in 6.13 seconds (process running for 7.186)
2026-03-20T08:31:04.760+07:00  INFO 796 --- [demo] [SpringApplicationShutdownHook] o.s.boot.tomcat.GracefulShutdown         : Commencing graceful shutdown. Waiting for active requests to complete
2026-03-20T08:31:04.772+07:00  INFO 796 --- [demo] [tomcat-shutdown] o.s.boot.tomcat.GracefulShutdown         : Graceful shutdown complete
2026-03-20T08:31:04.790+07:00  INFO 796 --- [demo] [SpringApplicationShutdownHook] j.LocalContainerEntityManagerFactoryBean : Closing JPA EntityManagerFactory for persistence unit 'default'
2026-03-20T08:31:04.792+07:00  INFO 796 --- [demo] [SpringApplicationShutdownHook] com.zaxxer.hikari.HikariDataSource       : HikariPool-1 - Shutdown initiated...
2026-03-20T08:31:04.796+07:00  INFO 796 --- [demo] [SpringApplicationShutdownHook] com.zaxxer.hikari.HikariDataSource       : HikariPool-1 - Shutdown completed.
2026-03-20T08:51:11.208+07:00  INFO 16108 --- [demo] [main] com.be_employment_contract.Application   : Starting Application using Java 21.0.2 with PID 16108 (C:\Users\Hi\OneDrive\Documents\NetBeansProjects\be_employment_contract\target\classes started by Hi in C:\Users\Hi\OneDrive\Documents\NetBeansProjects\be_employment_contract)
2026-03-20T08:51:11.211+07:00 DEBUG 16108 --- [demo] [main] com.be_employment_contract.Application   : Running with Spring Boot v4.0.3, Spring v7.0.5
2026-03-20T08:51:11.212+07:00  INFO 16108 --- [demo] [main] com.be_employment_contract.Application   : No active profile set, falling back to 1 default profile: "default"
2026-03-20T08:51:11.999+07:00  INFO 16108 --- [demo] [main] .s.d.r.c.RepositoryConfigurationDelegate : Multiple Spring Data modules found, entering strict repository configuration mode
2026-03-20T08:51:12.001+07:00  INFO 16108 --- [demo] [main] .s.d.r.c.RepositoryConfigurationDelegate : Bootstrapping Spring Data JPA repositories in DEFAULT mode.
2026-03-20T08:51:12.170+07:00  INFO 16108 --- [demo] [main] .s.d.r.c.RepositoryConfigurationDelegate : Finished Spring Data repository scanning in 160 ms. Found 5 JPA repository interfaces.
2026-03-20T08:51:12.215+07:00  INFO 16108 --- [demo] [main] .s.d.r.c.RepositoryConfigurationDelegate : Multiple Spring Data modules found, entering strict repository configuration mode
2026-03-20T08:51:12.216+07:00  INFO 16108 --- [demo] [main] .s.d.r.c.RepositoryConfigurationDelegate : Bootstrapping Spring Data Redis repositories in DEFAULT mode.
2026-03-20T08:51:12.241+07:00  INFO 16108 --- [demo] [main] .RepositoryConfigurationExtensionSupport : Spring Data Redis - Could not safely identify store assignment for repository candidate interface com.be_employment_contract.repository.AccountRepository; If you want this repository to be a Redis repository, consider annotating your entities with one of these annotations: org.springframework.data.redis.core.RedisHash (preferred), or consider extending one of the following types with your repository: org.springframework.data.keyvalue.repository.KeyValueRepository
2026-03-20T08:51:12.241+07:00  INFO 16108 --- [demo] [main] .RepositoryConfigurationExtensionSupport : Spring Data Redis - Could not safely identify store assignment for repository candidate interface com.be_employment_contract.repository.BranchRepository; If you want this repository to be a Redis repository, consider annotating your entities with one of these annotations: org.springframework.data.redis.core.RedisHash (preferred), or consider extending one of the following types with your repository: org.springframework.data.keyvalue.repository.KeyValueRepository
2026-03-20T08:51:12.242+07:00  INFO 16108 --- [demo] [main] .RepositoryConfigurationExtensionSupport : Spring Data Redis - Could not safely identify store assignment for repository candidate interface com.be_employment_contract.repository.ContractRepository; If you want this repository to be a Redis repository, consider annotating your entities with one of these annotations: org.springframework.data.redis.core.RedisHash (preferred), or consider extending one of the following types with your repository: org.springframework.data.keyvalue.repository.KeyValueRepository
2026-03-20T08:51:12.242+07:00  INFO 16108 --- [demo] [main] .RepositoryConfigurationExtensionSupport : Spring Data Redis - Could not safely identify store assignment for repository candidate interface com.be_employment_contract.repository.StaffFileRepository; If you want this repository to be a Redis repository, consider annotating your entities with one of these annotations: org.springframework.data.redis.core.RedisHash (preferred), or consider extending one of the following types with your repository: org.springframework.data.keyvalue.repository.KeyValueRepository
2026-03-20T08:51:12.242+07:00  INFO 16108 --- [demo] [main] .RepositoryConfigurationExtensionSupport : Spring Data Redis - Could not safely identify store assignment for repository candidate interface com.be_employment_contract.repository.StaffRepository; If you want this repository to be a Redis repository, consider annotating your entities with one of these annotations: org.springframework.data.redis.core.RedisHash (preferred), or consider extending one of the following types with your repository: org.springframework.data.keyvalue.repository.KeyValueRepository
2026-03-20T08:51:12.242+07:00  INFO 16108 --- [demo] [main] .s.d.r.c.RepositoryConfigurationDelegate : Finished Spring Data repository scanning in 8 ms. Found 0 Redis repository interfaces.
2026-03-20T08:51:12.836+07:00  INFO 16108 --- [demo] [main] o.s.boot.tomcat.TomcatWebServer          : Tomcat initialized with port 8080 (http)
2026-03-20T08:51:12.852+07:00  INFO 16108 --- [demo] [main] o.apache.catalina.core.StandardService   : Starting service [Tomcat]
2026-03-20T08:51:12.852+07:00  INFO 16108 --- [demo] [main] o.apache.catalina.core.StandardEngine    : Starting Servlet engine: [Apache Tomcat/11.0.18]
2026-03-20T08:51:12.908+07:00  INFO 16108 --- [demo] [main] b.w.c.s.WebApplicationContextInitializer : Root WebApplicationContext: initialization completed in 1652 ms
2026-03-20T08:51:13.128+07:00  INFO 16108 --- [demo] [main] org.hibernate.orm.jpa                    : HHH008540: Processing PersistenceUnitInfo [name: default]
2026-03-20T08:51:13.188+07:00  INFO 16108 --- [demo] [main] org.hibernate.orm.core                   : HHH000001: Hibernate ORM core version 7.2.4.Final
2026-03-20T08:51:13.661+07:00  INFO 16108 --- [demo] [main] o.s.o.j.p.SpringPersistenceUnitInfo      : No LoadTimeWeaver setup: ignoring JPA class transformer
2026-03-20T08:51:13.697+07:00  INFO 16108 --- [demo] [main] com.zaxxer.hikari.HikariDataSource       : HikariPool-1 - Starting...
2026-03-20T08:51:13.788+07:00  INFO 16108 --- [demo] [main] com.zaxxer.hikari.pool.HikariPool        : HikariPool-1 - Added connection org.mariadb.jdbc.Connection@408d945b
2026-03-20T08:51:13.790+07:00  INFO 16108 --- [demo] [main] com.zaxxer.hikari.HikariDataSource       : HikariPool-1 - Start completed.
2026-03-20T08:51:13.819+07:00  WARN 16108 --- [demo] [main] org.hibernate.orm.deprecation            : HHH90000025: MariaDBDialect does not need to be specified explicitly using 'hibernate.dialect' (remove the property setting and it will be selected by default)
2026-03-20T08:51:13.836+07:00  INFO 16108 --- [demo] [main] org.hibernate.orm.connections.pooling    : HHH10001005: Database info:
	Database JDBC URL [jdbc:mariadb://localhost/employment_contract?user=root&password=***]
	Database driver: MariaDB Connector/J
	Database dialect: MariaDBDialect
	Database version: 11.6.2
	Default catalog/schema: employment_contract/undefined
	Autocommit mode: undefined/unknown
	Isolation level: REPEATABLE_READ [default REPEATABLE_READ]
	JDBC fetch size: none
	Pool: DataSourceConnectionProvider
	Minimum pool size: undefined/unknown
	Maximum pool size: undefined/unknown
2026-03-20T08:51:14.810+07:00  INFO 16108 --- [demo] [main] org.hibernate.orm.core                   : HHH000489: No JTA platform available (set 'hibernate.transaction.jta.platform' to enable JTA platform integration)
2026-03-20T08:51:14.817+07:00  INFO 16108 --- [demo] [main] j.LocalContainerEntityManagerFactoryBean : Initialized JPA EntityManagerFactory for persistence unit 'default'
2026-03-20T08:51:14.896+07:00  INFO 16108 --- [demo] [main] o.s.d.j.r.query.QueryEnhancerFactories   : Hibernate is in classpath; If applicable, HQL parser will be used.
2026-03-20T08:51:16.119+07:00  WARN 16108 --- [demo] [main] JpaBaseConfiguration$JpaWebConfiguration : spring.jpa.open-in-view is enabled by default. Therefore, database queries may be performed during view rendering. Explicitly configure spring.jpa.open-in-view to disable this warning
2026-03-20T08:51:16.542+07:00  INFO 16108 --- [demo] [main] o.s.boot.tomcat.TomcatWebServer          : Tomcat started on port 8080 (http) with context path '/'
2026-03-20T08:51:16.549+07:00  INFO 16108 --- [demo] [main] com.be_employment_contract.Application   : Started Application in 5.865 seconds (process running for 6.761)
2026-03-20T10:24:38.237+07:00  INFO 16108 --- [demo] [SpringApplicationShutdownHook] o.s.boot.tomcat.GracefulShutdown         : Commencing graceful shutdown. Waiting for active requests to complete
2026-03-20T10:24:38.253+07:00  INFO 16108 --- [demo] [tomcat-shutdown] o.s.boot.tomcat.GracefulShutdown         : Graceful shutdown complete
2026-03-20T10:24:38.309+07:00  INFO 16108 --- [demo] [SpringApplicationShutdownHook] j.LocalContainerEntityManagerFactoryBean : Closing JPA EntityManagerFactory for persistence unit 'default'
2026-03-20T10:24:38.317+07:00  INFO 16108 --- [demo] [SpringApplicationShutdownHook] com.zaxxer.hikari.HikariDataSource       : HikariPool-1 - Shutdown initiated...
2026-03-20T10:24:38.325+07:00  INFO 16108 --- [demo] [SpringApplicationShutdownHook] com.zaxxer.hikari.HikariDataSource       : HikariPool-1 - Shutdown completed.
